<?xml version="1.0" encoding="utf-8"?><testsuites name="pytest tests"><testsuite name="pytest" errors="0" failures="0" skipped="0" tests="15" time="8.960" timestamp="2026-04-22T16:03:29.281231+00:00" hostname="agent-env-336a11e1-29b8-4765-b15a-744b1cc86321"><testcase classname="backend.tests.test_event_chat_api" name="test_login_invalid" time="0.213" /><testcase classname="backend.tests.test_event_chat_api" name="test_me" time="0.386" /><testcase classname="backend.tests.test_event_chat_api" name="test_logout_roundtrip" time="0.546" /><testcase classname="backend.tests.test_event_chat_api" name="test_list_users_authenticated" time="0.053" /><testcase classname="backend.tests.test_event_chat_api" name="test_list_users_unauthorized" time="0.116" /><testcase classname="backend.tests.test_event_chat_api" name="test_user_crud_admin_only" time="1.150" /><testcase classname="backend.tests.test_event_chat_api" name="test_direct_chat_create_and_idempotent" time="0.483" /><testcase classname="backend.tests.test_event_chat_api" name="test_group_chat_and_messages" time="1.075" /><testcase classname="backend.tests.test_event_chat_api" name="test_hide_chat" time="0.283" /><testcase classname="backend.tests.test_event_chat_api" name="test_group_admin_flows" time="0.387" /><testcase classname="backend.tests.test_event_chat_api" name="test_uploads_flow" time="1.079" /><testcase classname="backend.tests.test_event_chat_api" name="test_reports_and_moderation" time="1.238" /><testcase classname="backend.tests.test_event_chat_api" name="test_admin_stats_and_privacy" time="0.761" /><testcase classname="backend.tests.test_event_chat_api" name="test_admin_upload_and_delete" time="0.647" /><testcase classname="backend.tests.test_event_chat_api" name="test_me_profile_update" time="0.444" /></testsuite></testsuites>